<?xml version="1.0" encoding="UTF-8"?>
<testng-results ignored="0" total="7" passed="7" failed="0" skipped="0">
  <reporter-output>
  </reporter-output>
  <suite started-at="2023-07-26T13:05:01 IST" name="Default suite" finished-at="2023-07-26T13:05:04 IST" duration-ms="2971">
    <groups>
      <group name="cucumber">
        <method signature="AbstractTestNGCucumberTests.runScenario(io.cucumber.testng.PickleWrapper,io.cucumber.testng.FeatureWrapper)[pri:0, instance:org.RunnerClass.AccountSummaryRunnerClass@38cee291]" name="runScenario" class="io.cucumber.testng.AbstractTestNGCucumberTests"/>
      </group> <!-- cucumber -->
    </groups>
    <test started-at="2023-07-26T13:05:01 IST" name="Default test" finished-at="2023-07-26T13:05:04 IST" duration-ms="2971">
      <class name="org.RunnerClass.AccountSummaryRunnerClass">
        <test-method is-config="true" signature="setUpClass(org.testng.ITestContext)[pri:0, instance:org.RunnerClass.AccountSummaryRunnerClass@38cee291]" started-at="2023-07-26T13:05:01 IST" name="setUpClass" finished-at="2023-07-26T13:05:01 IST" duration-ms="618" status="PASS">
          <params>
            <param index="0">
              <value>
                <![CDATA[org.testng.TestRunner@da4cf09]]>
              </value>
            </param>
          </params>
          <reporter-output>
          </reporter-output>
        </test-method> <!-- setUpClass -->
        <test-method signature="runScenario(io.cucumber.testng.PickleWrapper,io.cucumber.testng.FeatureWrapper)[pri:0, instance:org.RunnerClass.AccountSummaryRunnerClass@38cee291]" started-at="2023-07-26T13:05:01 IST" name="runScenario" description="Runs Cucumber Scenarios" data-provider="scenarios" finished-at="2023-07-26T13:05:01 IST" duration-ms="179" status="PASS">
          <params>
            <param index="0">
              <value>
                <![CDATA["To view Account Summary"]]>
              </value>
            </param>
            <param index="1">
              <value>
                <![CDATA["Optional[Account Summary]"]]>
              </value>
            </param>
          </params>
          <reporter-output>
          </reporter-output>
        </test-method> <!-- runScenario -->
        <test-method signature="runScenario(io.cucumber.testng.PickleWrapper,io.cucumber.testng.FeatureWrapper)[pri:0, instance:org.RunnerClass.AccountSummaryRunnerClass@38cee291]" started-at="2023-07-26T13:05:01 IST" name="runScenario" description="Runs Cucumber Scenarios" data-provider="scenarios" finished-at="2023-07-26T13:05:02 IST" duration-ms="11" status="PASS">
          <params>
            <param index="0">
              <value>
                <![CDATA["To view Current Balance"]]>
              </value>
            </param>
            <param index="1">
              <value>
                <![CDATA["Optional[Account Summary]"]]>
              </value>
            </param>
          </params>
          <reporter-output>
          </reporter-output>
        </test-method> <!-- runScenario -->
        <test-method signature="runScenario(io.cucumber.testng.PickleWrapper,io.cucumber.testng.FeatureWrapper)[pri:0, instance:org.RunnerClass.AccountSummaryRunnerClass@38cee291]" started-at="2023-07-26T13:05:02 IST" name="runScenario" description="Runs Cucumber Scenarios" data-provider="scenarios" finished-at="2023-07-26T13:05:02 IST" duration-ms="11" status="PASS">
          <params>
            <param index="0">
              <value>
                <![CDATA["To view the Payment History"]]>
              </value>
            </param>
            <param index="1">
              <value>
                <![CDATA["Optional[Account Summary]"]]>
              </value>
            </param>
          </params>
          <reporter-output>
          </reporter-output>
        </test-method> <!-- runScenario -->
        <test-method signature="runScenario(io.cucumber.testng.PickleWrapper,io.cucumber.testng.FeatureWrapper)[pri:0, instance:org.RunnerClass.AccountSummaryRunnerClass@38cee291]" started-at="2023-07-26T13:05:02 IST" name="runScenario" description="Runs Cucumber Scenarios" data-provider="scenarios" finished-at="2023-07-26T13:05:02 IST" duration-ms="12" status="PASS">
          <params>
            <param index="0">
              <value>
                <![CDATA["To Print and export Payment"]]>
              </value>
            </param>
            <param index="1">
              <value>
                <![CDATA["Optional[Account Summary]"]]>
              </value>
            </param>
          </params>
          <reporter-output>
          </reporter-output>
        </test-method> <!-- runScenario -->
        <test-method signature="runScenario(io.cucumber.testng.PickleWrapper,io.cucumber.testng.FeatureWrapper)[pri:0, instance:org.RunnerClass.AccountSummaryRunnerClass@38cee291]" started-at="2023-07-26T13:05:02 IST" name="runScenario" description="Runs Cucumber Scenarios" data-provider="scenarios" finished-at="2023-07-26T13:05:02 IST" duration-ms="11" status="PASS">
          <params>
            <param index="0">
              <value>
                <![CDATA["To Search the Payment"]]>
              </value>
            </param>
            <param index="1">
              <value>
                <![CDATA["Optional[Account Summary]"]]>
              </value>
            </param>
          </params>
          <reporter-output>
          </reporter-output>
        </test-method> <!-- runScenario -->
        <test-method signature="runScenario(io.cucumber.testng.PickleWrapper,io.cucumber.testng.FeatureWrapper)[pri:0, instance:org.RunnerClass.AccountSummaryRunnerClass@38cee291]" started-at="2023-07-26T13:05:02 IST" name="runScenario" description="Runs Cucumber Scenarios" data-provider="scenarios" finished-at="2023-07-26T13:05:02 IST" duration-ms="7" status="PASS">
          <params>
            <param index="0">
              <value>
                <![CDATA["To View Payment"]]>
              </value>
            </param>
            <param index="1">
              <value>
                <![CDATA["Optional[Account Summary]"]]>
              </value>
            </param>
          </params>
          <reporter-output>
          </reporter-output>
        </test-method> <!-- runScenario -->
        <test-method signature="runScenario(io.cucumber.testng.PickleWrapper,io.cucumber.testng.FeatureWrapper)[pri:0, instance:org.RunnerClass.AccountSummaryRunnerClass@38cee291]" started-at="2023-07-26T13:05:02 IST" name="runScenario" description="Runs Cucumber Scenarios" data-provider="scenarios" finished-at="2023-07-26T13:05:02 IST" duration-ms="7" status="PASS">
          <params>
            <param index="0">
              <value>
                <![CDATA["To Print the Payment"]]>
              </value>
            </param>
            <param index="1">
              <value>
                <![CDATA["Optional[Account Summary]"]]>
              </value>
            </param>
          </params>
          <reporter-output>
          </reporter-output>
        </test-method> <!-- runScenario -->
        <test-method is-config="true" signature="tearDownClass()[pri:0, instance:org.RunnerClass.AccountSummaryRunnerClass@38cee291]" started-at="2023-07-26T13:05:02 IST" name="tearDownClass" finished-at="2023-07-26T13:05:04 IST" duration-ms="2080" status="PASS">
          <reporter-output>
          </reporter-output>
        </test-method> <!-- tearDownClass -->
      </class> <!-- org.RunnerClass.AccountSummaryRunnerClass -->
    </test> <!-- Default test -->
  </suite> <!-- Default suite -->
</testng-results>
